\BOOKMARK [1][-]{section.1}{Introduction}{}% 1
\BOOKMARK [2][-]{subsection.1.1}{Task}{section.1}% 2
\BOOKMARK [1][-]{section.2}{Literature\040Review}{}% 3
\BOOKMARK [2][-]{subsection.2.1}{Approximation\040Algorithms}{section.2}% 4
\BOOKMARK [3][-]{subsubsection.2.1.1}{Genetic\040Algorithms}{subsection.2.1}% 5
\BOOKMARK [3][-]{subsubsection.2.1.2}{Simulated\040Annealing}{subsection.2.1}% 6
\BOOKMARK [3][-]{subsubsection.2.1.3}{Tabu\040Search}{subsection.2.1}% 7
\BOOKMARK [2][-]{subsection.2.2}{Which\040One\040To\040Choose}{section.2}% 8
\BOOKMARK [1][-]{section.3}{Model}{}% 9
\BOOKMARK [2][-]{subsection.3.1}{Moves}{section.3}% 10
\BOOKMARK [1][-]{section.4}{Algorithm}{}% 11
\BOOKMARK [2][-]{subsection.4.1}{Evaluating\040Moves}{section.4}% 12
\BOOKMARK [3][-]{subsubsection.4.1.1}{Avoid\040Station\040Overload}{subsection.4.1}% 13
\BOOKMARK [3][-]{subsubsection.4.1.2}{Detrain\040Arrived\040Passengers}{subsection.4.1}% 14
\BOOKMARK [3][-]{subsubsection.4.1.3}{Board\040By\040Arrival}{subsection.4.1}% 15
\BOOKMARK [3][-]{subsubsection.4.1.4}{Board\040By\040Travel\040Path}{subsection.4.1}% 16
\BOOKMARK [3][-]{subsubsection.4.1.5}{Board\040To\040Empty\040Train}{subsection.4.1}% 17
\BOOKMARK [3][-]{subsubsection.4.1.6}{Depart\040To\040Exact\040Destination}{subsection.4.1}% 18
\BOOKMARK [3][-]{subsubsection.4.1.7}{Depart\040Towards\040Destination}{subsection.4.1}% 19
\BOOKMARK [3][-]{subsubsection.4.1.8}{Depart\040Passenger\040Train}{subsection.4.1}% 20
\BOOKMARK [3][-]{subsubsection.4.1.9}{Depart\040To\040Pickup\040Passenger}{subsection.4.1}% 21
\BOOKMARK [3][-]{subsubsection.4.1.10}{Choose\040Train\040Start}{subsection.4.1}% 22
\BOOKMARK [1][-]{section.5}{Implementation}{}% 23
\BOOKMARK [2][-]{subsection.5.1}{Rust}{section.5}% 24
\BOOKMARK [2][-]{subsection.5.2}{Data\040Structures}{section.5}% 25
\BOOKMARK [2][-]{subsection.5.3}{Performance}{section.5}% 26
\BOOKMARK [1][-]{section.6}{Results}{}% 27
\BOOKMARK [1][-]{section.7}{Conclusion}{}% 28
